<?xml version="1.0" encoding="UTF-8"?>
<testsuite name="com.jking31.matrix.Matrix3DTest" tests="1" skipped="0" failures="0" errors="0" timestamp="2015-05-20T00:34:37" hostname="Jamess-iMac" time="0.002">
  <properties/>
  <testcase name="testMatrixMul" classname="com.jking31.matrix.Matrix3DTest" time="0.002"/>
  <system-out><![CDATA[]]></system-out>
  <system-err><![CDATA[]]></system-err>
</testsuite>
