<?xml version="1.0" encoding="UTF-8"?>
<testsuite name="com.jking31cs.vector.Vector2DTest" tests="4" skipped="0" failures="0" errors="0" timestamp="2015-05-20T21:30:20" hostname="sis-jrk-l01.ctisl.gtri.org" time="0.002">
  <properties/>
  <testcase name="testCreation" classname="com.jking31cs.vector.Vector2DTest" time="0.0"/>
  <testcase name="testAddition" classname="com.jking31cs.vector.Vector2DTest" time="0.0"/>
  <testcase name="testDotProduct" classname="com.jking31cs.vector.Vector2DTest" time="0.0"/>
  <testcase name="testSubtraction" classname="com.jking31cs.vector.Vector2DTest" time="0.001"/>
  <system-out><![CDATA[]]></system-out>
  <system-err><![CDATA[]]></system-err>
</testsuite>
